<?xml version="1.0" encoding="UTF-8"?>
<testsuite name="org.example.TestClassroom" tests="1" skipped="0" failures="0" errors="0" timestamp="2022-10-01T09:32:23" hostname="DESKTOP-BJDNFEF" time="0.032">
  <properties/>
  <testcase name="Classroom type should be set" classname="org.example.TestClassroom" time="0.032"/>
  <system-out><![CDATA[]]></system-out>
  <system-err><![CDATA[]]></system-err>
</testsuite>
